[debug] > Exec(early(addDefaultCommands), None, None)
[debug] > Exec(addDefaultCommands, None, None)
[debug] > Exec(early(initialize), None, None)
[debug] > Exec(initialize, None, None)
[debug] > Exec(boot, None, None)
[debug] > Exec(writeSbtVersion, None, None)
[debug] > Exec(reload, None, None)
[debug] > Exec(sbtStashOnFailure, None, None)
[debug] > Exec(onFailure loadFailed, None, None)
[debug] > Exec(loadp, None, None)
[info] welcome to sbt 1.5.5 (Oracle Corporation Java 14.0.1)
[debug]       Load.loadUnit: plugins took 66.0585ms
[debug]       Load.loadUnit: defsScala took 0.2158ms
[debug] [Loading] Scanning directory C:\Users\clown\.sbt\1.0\plugins
[debug] [Loading] Found non-root projects 
[debug] [Loading] Done in C:\Users\clown\.sbt\1.0\plugins, returning: ()
[debug] deducing auto plugins based on known facts Set(Atom(sbt.plugins.CorePlugin)) and clauses Clauses(Clause(Atom(sbt.plugins.JvmPlugin),Set(Atom(sbt.plugins.IvyPlugin)))
[debug] Clause(Atom(sbt.ScriptedPlugin),Set(Atom(sbt.plugins.JvmPlugin)))
[debug] Clause(Atom(sbt.plugins.SbtPlugin),Set(Atom(sbt.ScriptedPlugin)))
[debug] Clause(Atom(sbt.plugins.SemanticdbPlugin),Set(Atom(sbt.plugins.JvmPlugin)))
[debug] Clause(Atom(sbt.plugins.JUnitXmlReportPlugin),Set(Atom(sbt.plugins.JvmPlugin)))
[debug] Clause(Atom(sbt.plugins.MiniDependencyTreePlugin),Set(Atom(sbt.plugins.JvmPlugin)))
[debug] Clause(Atom(sbt.plugins.CorePlugin),Set(Atom(sbt.plugins.IvyPlugin)))
[debug] Clause(Atom(sbt.plugins.IvyPlugin),Set(Atom(sbt.plugins.JvmPlugin)))
[debug] Clause(Atom(sbt.plugins.JvmPlugin),Set(Atom(sbt.plugins.SemanticdbPlugin)))
[debug] Clause(Atom(sbt.plugins.JvmPlugin),Set(Atom(sbt.plugins.JUnitXmlReportPlugin)))
[debug] Clause(Atom(sbt.plugins.CorePlugin),Set(Atom(sbt.plugins.Giter8TemplatePlugin)))
[debug] Clause(Atom(sbt.plugins.JvmPlugin),Set(Atom(sbt.plugins.MiniDependencyTreePlugin))))
[debug]   :: deduced result: Matched(sbt.plugins.CorePlugin,sbt.plugins.Giter8TemplatePlugin,sbt.plugins.IvyPlugin,sbt.plugins.JvmPlugin,sbt.plugins.MiniDependencyTreePlugin,sbt.plugins.JUnitXmlReportPlugin,sbt.plugins.SemanticdbPlugin)
[debug] Plugins.deducer#function took 15.0157 ms
[debug]           Load.resolveProject(global-plugins) took 36.6348ms
[debug]         Load.loadTransitive: finalizeProject(Project(id global-plugins, base: C:\Users\clown\.sbt\1.0\plugins, plugins: List(<none>))) took 69.0443ms
[debug] [Loading] Done in C:\Users\clown\.sbt\1.0\plugins, returning: (global-plugins)
[debug]       Load.loadUnit: loadedProjectsRaw took 140.4582ms
[debug]       Load.loadUnit: cleanEvalClasses took 0.2061ms
[debug]     Load.loadUnit(file:/C:/Users/clown/.sbt/1.0/plugins/, ...) took 213.5733ms
[debug]   Load.apply: load took 342.1131ms
[debug]   Load.apply: resolveProjects took 4.1643ms
[debug]   Load.apply: finalTransforms took 39.5607ms
[debug]   Load.apply: config.delegates took 5.6926ms
[debug]   Load.apply: Def.make(settings)... took 235.9425ms
[debug]   Load.apply: structureIndex took 59.2113ms
[debug]   Load.apply: mkStreams took 1.1688ms
[info] loading global plugins from C:\Users\clown\.sbt\1.0\plugins
[debug] Running task... Cancel: Signal, check cycles: false, forcegc: true
[debug] Load.defaultLoad until apply took 1679.3632ms
[debug]           Load.loadUnit: plugins took 19.1721ms
[debug]           Load.loadUnit: defsScala took 0.0027ms
[debug] [Loading] Scanning directory E:\code\ScalaContest\project
[debug]             Load.loadUnit: mkEval took 3.472ms
[debug] [Loading] Found non-root projects 
[debug] [Loading] Done in E:\code\ScalaContest\project, returning: ()
[debug] deducing auto plugins based on known facts Set(Atom(sbt.plugins.CorePlugin)) and clauses Clauses(Clause(Atom(sbt.plugins.JvmPlugin),Set(Atom(sbt.plugins.IvyPlugin)))
[debug] Clause(Atom(sbt.ScriptedPlugin),Set(Atom(sbt.plugins.JvmPlugin)))
[debug] Clause(Atom(sbt.plugins.SbtPlugin),Set(Atom(sbt.ScriptedPlugin)))
[debug] Clause(Atom(sbt.plugins.SemanticdbPlugin),Set(Atom(sbt.plugins.JvmPlugin)))
[debug] Clause(Atom(sbt.plugins.JUnitXmlReportPlugin),Set(Atom(sbt.plugins.JvmPlugin)))
[debug] Clause(Atom(sbt.plugins.MiniDependencyTreePlugin),Set(Atom(sbt.plugins.JvmPlugin)))
[debug] Clause(Atom(sbt.plugins.CorePlugin),Set(Atom(sbt.plugins.IvyPlugin)))
[debug] Clause(Atom(sbt.plugins.IvyPlugin),Set(Atom(sbt.plugins.JvmPlugin)))
[debug] Clause(Atom(sbt.plugins.JvmPlugin),Set(Atom(sbt.plugins.SemanticdbPlugin)))
[debug] Clause(Atom(sbt.plugins.JvmPlugin),Set(Atom(sbt.plugins.JUnitXmlReportPlugin)))
[debug] Clause(Atom(sbt.plugins.CorePlugin),Set(Atom(sbt.plugins.Giter8TemplatePlugin)))
[debug] Clause(Atom(sbt.plugins.JvmPlugin),Set(Atom(sbt.plugins.MiniDependencyTreePlugin))))
[debug]   :: deduced result: Matched(sbt.plugins.CorePlugin,sbt.plugins.Giter8TemplatePlugin,sbt.plugins.IvyPlugin,sbt.plugins.JvmPlugin,sbt.plugins.MiniDependencyTreePlugin,sbt.plugins.JUnitXmlReportPlugin,sbt.plugins.SemanticdbPlugin)
[debug] Plugins.deducer#function took 1.4487 ms
[info] loading settings for project scalacontest-build from plugins.sbt ...
[debug]               Load.resolveProject(scalacontest-build) took 2.1086ms
[debug]             Load.loadTransitive: finalizeProject(Project(id scalacontest-build, base: E:\code\ScalaContest\project, plugins: List(<none>))) took 3.9976ms
[debug] [Loading] Done in E:\code\ScalaContest\project, returning: (scalacontest-build)
[debug]           Load.loadUnit: loadedProjectsRaw took 82.2095ms
[debug]           Load.loadUnit: cleanEvalClasses took 3.1312ms
[debug]         Load.loadUnit(file:/E:/code/ScalaContest/project/, ...) took 105.1208ms
[debug]       Load.apply: load took 106.0492ms
[debug]       Load.apply: resolveProjects took 0.0724ms
[debug]       Load.apply: finalTransforms took 8.355ms
[debug]       Load.apply: config.delegates took 0.2542ms
[debug]       Load.apply: Def.make(settings)... took 49.5293ms
[debug]       Load.apply: structureIndex took 24.4503ms
[debug]       Load.apply: mkStreams took 0.0018ms
[info] loading project definition from E:\code\ScalaContest\project
[debug] Running task... Cancel: Signal, check cycles: false, forcegc: true
[debug]     Load.loadUnit: plugins took 353.8926ms
[debug]     Load.loadUnit: defsScala took 0.0025ms
[debug] [Loading] Scanning directory E:\code\ScalaContest
[debug]       Load.loadUnit: mkEval took 0.1708ms
[debug] [Loading] Found non-root projects 
[debug] [Loading] Done in E:\code\ScalaContest, returning: ()
[debug] deducing auto plugins based on known facts Set(Atom(sbt.plugins.CorePlugin)) and clauses Clauses(Clause(Atom(sbt.plugins.JvmPlugin),Set(Atom(sbt.plugins.IvyPlugin)))
[debug] Clause(Atom(sbt.ScriptedPlugin),Set(Atom(sbt.plugins.JvmPlugin)))
[debug] Clause(Atom(sbt.plugins.SbtPlugin),Set(Atom(sbt.ScriptedPlugin)))
[debug] Clause(Atom(sbt.plugins.SemanticdbPlugin),Set(Atom(sbt.plugins.JvmPlugin)))
[debug] Clause(Atom(sbt.plugins.JUnitXmlReportPlugin),Set(Atom(sbt.plugins.JvmPlugin)))
[debug] Clause(Atom(sbt.plugins.MiniDependencyTreePlugin),Set(Atom(sbt.plugins.JvmPlugin)))
[debug] Clause(Atom(sbtide.ConfigPlugin),Set(Atom(sbt.plugins.JvmPlugin)))
[debug] Clause(Atom(sbt.plugins.CorePlugin),Set(Atom(sbt.plugins.IvyPlugin)))
[debug] Clause(Atom(sbt.plugins.IvyPlugin),Set(Atom(sbt.plugins.JvmPlugin)))
[debug] Clause(Atom(sbt.plugins.JvmPlugin),Set(Atom(sbt.plugins.SemanticdbPlugin)))
[debug] Clause(Atom(sbt.plugins.JvmPlugin),Set(Atom(sbt.plugins.JUnitXmlReportPlugin)))
[debug] Clause(Atom(sbt.plugins.CorePlugin),Set(Atom(sbt.plugins.Giter8TemplatePlugin)))
[debug] Clause(Atom(sbt.plugins.JvmPlugin),Set(Atom(sbt.plugins.MiniDependencyTreePlugin))))
[debug]   :: deduced result: Matched(sbt.plugins.CorePlugin,sbt.plugins.Giter8TemplatePlugin,sbt.plugins.IvyPlugin,sbt.plugins.JvmPlugin,sbt.plugins.MiniDependencyTreePlugin,sbt.plugins.JUnitXmlReportPlugin,sbt.plugins.SemanticdbPlugin)
[debug] Plugins.deducer#function took 1.2067 ms
[info] loading settings for project scalacontest from build.sbt ...
[debug]         Load.resolveProject(scalacontest) took 1.1002ms
[debug]       Load.loadTransitive: finalizeProject(Project(id scalacontest, base: E:\code\ScalaContest, plugins: List(<none>))) took 2.6633ms
[debug] [Loading] Done in E:\code\ScalaContest, returning: (scalacontest)
[debug]     Load.loadUnit: loadedProjectsRaw took 37.4296ms
[debug]     Load.loadUnit: cleanEvalClasses took 3.9333ms
[debug]   Load.loadUnit(file:/E:/code/ScalaContest/, ...) took 395.8075ms
[debug] Load.apply: load took 396.7329ms
[debug] Load.apply: resolveProjects took 0.0705ms
[debug] Load.apply: finalTransforms took 6.6028ms
[debug] Load.apply: config.delegates took 0.241ms
[debug] Load.apply: Def.make(settings)... took 40.7055ms
[debug] Load.apply: structureIndex took 17.3484ms
[debug] Load.apply: mkStreams took 0.0015ms
[info] set current project to ScalaContest (in build file:/E:/code/ScalaContest/)
[warn] there's a key that's not used by any other settings/tasks:
[warn]  
[warn] * scalacontest / idePackagePrefix
[warn]   +- E:\code\ScalaContest\build.sbt:7
[warn]  
[warn] note: a setting might still be used by a command; to exclude a key from this `lintUnused` check
[warn] either append it to `Global / excludeLintKeys` or call .withRank(KeyRanks.Invisible) on the key
[debug] > Exec(sbtPopOnFailure, None, None)
[debug] > Exec(resumeFromFailure, None, None)
[debug] > Exec(notifyUsersAboutShell, None, None)
[debug] > Exec(iflast shell, None, None)
[debug] > Exec(~run, None, None)
[info] sbt server started at local:sbt-server-dd5cd304995936d96c2b
[debug] Writing bsp connection file
[info] started sbt server
[debug] > Exec(__runWatch console0, None, None)
[debug] > Exec(sbtStashOnFailure, None, None)
[debug] > Exec(__preWatch console0, None, None)
[debug] > Exec(run, None, None)
[debug] Evaluating tasks: Compile / run
[debug] Running task... Cancel: Signal, check cycles: false, forcegc: true
[info] compiling 1 Scala source to E:\code\ScalaContest\target\scala-2.13\classes ...
[info] done compiling
[success] Total time: 3 s, completed Sep 6, 2021, 11:13:30 PM
[debug] > Exec(resumeFromFailure, None, None)
[debug] > Exec(sbtPopOnFailure, None, None)
[debug] > Exec(__postWatch console0, None, None)
[debug] > Exec(__waitWatch console0, None, None)
