[debug] > Exec(early(addDefaultCommands), None, None)
[debug] > Exec(addDefaultCommands, None, None)
[debug] > Exec(early(initialize), None, None)
[debug] > Exec(initialize, None, None)
[debug] > Exec(boot, None, None)
[debug] > Exec(writeSbtVersion, None, None)
[debug] > Exec(reload, None, None)
[debug] > Exec(sbtStashOnFailure, None, None)
[debug] > Exec(onFailure loadFailed, None, None)
[debug] > Exec(loadp, None, None)
[info] welcome to sbt 1.5.5 (Oracle Corporation Java 14.0.1)
[debug]       Load.loadUnit: plugins took 75.3484ms
[debug]       Load.loadUnit: defsScala took 0.2203ms
[debug] [Loading] Scanning directory C:\Users\clown\.sbt\1.0\plugins
[debug] [Loading] Found non-root projects 
[debug] [Loading] Done in C:\Users\clown\.sbt\1.0\plugins, returning: ()
[debug] deducing auto plugins based on known facts Set(Atom(sbt.plugins.CorePlugin)) and clauses Clauses(Clause(Atom(sbt.plugins.JvmPlugin),Set(Atom(sbt.plugins.IvyPlugin)))
[debug] Clause(Atom(sbt.ScriptedPlugin),Set(Atom(sbt.plugins.JvmPlugin)))
[debug] Clause(Atom(sbt.plugins.SbtPlugin),Set(Atom(sbt.ScriptedPlugin)))
[debug] Clause(Atom(sbt.plugins.SemanticdbPlugin),Set(Atom(sbt.plugins.JvmPlugin)))
[debug] Clause(Atom(sbt.plugins.JUnitXmlReportPlugin),Set(Atom(sbt.plugins.JvmPlugin)))
[debug] Clause(Atom(sbt.plugins.MiniDependencyTreePlugin),Set(Atom(sbt.plugins.JvmPlugin)))
[debug] Clause(Atom(sbt.plugins.CorePlugin),Set(Atom(sbt.plugins.IvyPlugin)))
[debug] Clause(Atom(sbt.plugins.IvyPlugin),Set(Atom(sbt.plugins.JvmPlugin)))
[debug] Clause(Atom(sbt.plugins.JvmPlugin),Set(Atom(sbt.plugins.SemanticdbPlugin)))
[debug] Clause(Atom(sbt.plugins.JvmPlugin),Set(Atom(sbt.plugins.JUnitXmlReportPlugin)))
[debug] Clause(Atom(sbt.plugins.CorePlugin),Set(Atom(sbt.plugins.Giter8TemplatePlugin)))
[debug] Clause(Atom(sbt.plugins.JvmPlugin),Set(Atom(sbt.plugins.MiniDependencyTreePlugin))))
[debug]   :: deduced result: Matched(sbt.plugins.CorePlugin,sbt.plugins.Giter8TemplatePlugin,sbt.plugins.IvyPlugin,sbt.plugins.JvmPlugin,sbt.plugins.MiniDependencyTreePlugin,sbt.plugins.JUnitXmlReportPlugin,sbt.plugins.SemanticdbPlugin)
[debug] Plugins.deducer#function took 12.5688 ms
[debug]           Load.resolveProject(global-plugins) took 30.4503ms
[debug]         Load.loadTransitive: finalizeProject(Project(id global-plugins, base: C:\Users\clown\.sbt\1.0\plugins, plugins: List(<none>))) took 58.4556ms
[debug] [Loading] Done in C:\Users\clown\.sbt\1.0\plugins, returning: (global-plugins)
[debug]       Load.loadUnit: loadedProjectsRaw took 76.0945ms
[debug]       Load.loadUnit: cleanEvalClasses took 0.1678ms
[debug]     Load.loadUnit(file:/C:/Users/clown/.sbt/1.0/plugins/, ...) took 158.4428ms
[debug]   Load.apply: load took 333.8515ms
[debug]   Load.apply: resolveProjects took 5.3458ms
[debug]   Load.apply: finalTransforms took 46.9151ms
[debug]   Load.apply: config.delegates took 9.0463ms
[debug]   Load.apply: Def.make(settings)... took 404.6398ms
[debug]   Load.apply: structureIndex took 107.1496ms
[debug]   Load.apply: mkStreams took 1.4812ms
[info] loading global plugins from C:\Users\clown\.sbt\1.0\plugins
[debug] Running task... Cancel: Signal, check cycles: false, forcegc: true
[debug] Load.defaultLoad until apply took 2153.7464ms
[debug]           Load.loadUnit: plugins took 25.6529ms
[debug]           Load.loadUnit: defsScala took 0.0029ms
[debug] [Loading] Scanning directory E:\code\ScalaContest\project
[debug]             Load.loadUnit: mkEval took 5.1451ms
[debug] [Loading] Found non-root projects 
[debug] [Loading] Done in E:\code\ScalaContest\project, returning: ()
[debug] deducing auto plugins based on known facts Set(Atom(sbt.plugins.CorePlugin)) and clauses Clauses(Clause(Atom(sbt.plugins.JvmPlugin),Set(Atom(sbt.plugins.IvyPlugin)))
[debug] Clause(Atom(sbt.ScriptedPlugin),Set(Atom(sbt.plugins.JvmPlugin)))
[debug] Clause(Atom(sbt.plugins.SbtPlugin),Set(Atom(sbt.ScriptedPlugin)))
[debug] Clause(Atom(sbt.plugins.SemanticdbPlugin),Set(Atom(sbt.plugins.JvmPlugin)))
[debug] Clause(Atom(sbt.plugins.JUnitXmlReportPlugin),Set(Atom(sbt.plugins.JvmPlugin)))
[debug] Clause(Atom(sbt.plugins.MiniDependencyTreePlugin),Set(Atom(sbt.plugins.JvmPlugin)))
[debug] Clause(Atom(sbt.plugins.CorePlugin),Set(Atom(sbt.plugins.IvyPlugin)))
[debug] Clause(Atom(sbt.plugins.IvyPlugin),Set(Atom(sbt.plugins.JvmPlugin)))
[debug] Clause(Atom(sbt.plugins.JvmPlugin),Set(Atom(sbt.plugins.SemanticdbPlugin)))
[debug] Clause(Atom(sbt.plugins.JvmPlugin),Set(Atom(sbt.plugins.JUnitXmlReportPlugin)))
[debug] Clause(Atom(sbt.plugins.CorePlugin),Set(Atom(sbt.plugins.Giter8TemplatePlugin)))
[debug] Clause(Atom(sbt.plugins.JvmPlugin),Set(Atom(sbt.plugins.MiniDependencyTreePlugin))))
[debug]   :: deduced result: Matched(sbt.plugins.CorePlugin,sbt.plugins.Giter8TemplatePlugin,sbt.plugins.IvyPlugin,sbt.plugins.JvmPlugin,sbt.plugins.MiniDependencyTreePlugin,sbt.plugins.JUnitXmlReportPlugin,sbt.plugins.SemanticdbPlugin)
[debug] Plugins.deducer#function took 2.0367 ms
[info] loading settings for project scalacontest-build from plugins.sbt ...
[debug]               Load.resolveProject(scalacontest-build) took 2.8515ms
[debug]             Load.loadTransitive: finalizeProject(Project(id scalacontest-build, base: E:\code\ScalaContest\project, plugins: List(<none>))) took 5.4734ms
[debug] [Loading] Done in E:\code\ScalaContest\project, returning: (scalacontest-build)
[debug]           Load.loadUnit: loadedProjectsRaw took 97.8302ms
[debug]           Load.loadUnit: cleanEvalClasses took 3.8779ms
[debug]         Load.loadUnit(file:/E:/code/ScalaContest/project/, ...) took 128.1142ms
[debug]       Load.apply: load took 129.5296ms
[debug]       Load.apply: resolveProjects took 0.1125ms
[debug]       Load.apply: finalTransforms took 7.4165ms
[debug]       Load.apply: config.delegates took 0.2552ms
[debug]       Load.apply: Def.make(settings)... took 70.3365ms
[debug]       Load.apply: structureIndex took 33.2305ms
[debug]       Load.apply: mkStreams took 0.0015ms
[info] loading project definition from E:\code\ScalaContest\project
[debug] Running task... Cancel: Signal, check cycles: false, forcegc: true
[debug]     Load.loadUnit: plugins took 457.6601ms
[debug]     Load.loadUnit: defsScala took 0.0066ms
[debug] [Loading] Scanning directory E:\code\ScalaContest
[debug]       Load.loadUnit: mkEval took 0.2026ms
[debug] [Loading] Found non-root projects 
[debug] [Loading] Done in E:\code\ScalaContest, returning: ()
[debug] deducing auto plugins based on known facts Set(Atom(sbt.plugins.CorePlugin)) and clauses Clauses(Clause(Atom(sbt.plugins.JvmPlugin),Set(Atom(sbt.plugins.IvyPlugin)))
[debug] Clause(Atom(sbt.ScriptedPlugin),Set(Atom(sbt.plugins.JvmPlugin)))
[debug] Clause(Atom(sbt.plugins.SbtPlugin),Set(Atom(sbt.ScriptedPlugin)))
[debug] Clause(Atom(sbt.plugins.SemanticdbPlugin),Set(Atom(sbt.plugins.JvmPlugin)))
[debug] Clause(Atom(sbt.plugins.JUnitXmlReportPlugin),Set(Atom(sbt.plugins.JvmPlugin)))
[debug] Clause(Atom(sbt.plugins.MiniDependencyTreePlugin),Set(Atom(sbt.plugins.JvmPlugin)))
[debug] Clause(Atom(sbtide.ConfigPlugin),Set(Atom(sbt.plugins.JvmPlugin)))
[debug] Clause(Atom(sbt.plugins.CorePlugin),Set(Atom(sbt.plugins.IvyPlugin)))
[debug] Clause(Atom(sbt.plugins.IvyPlugin),Set(Atom(sbt.plugins.JvmPlugin)))
[debug] Clause(Atom(sbt.plugins.JvmPlugin),Set(Atom(sbt.plugins.SemanticdbPlugin)))
[debug] Clause(Atom(sbt.plugins.JvmPlugin),Set(Atom(sbt.plugins.JUnitXmlReportPlugin)))
[debug] Clause(Atom(sbt.plugins.CorePlugin),Set(Atom(sbt.plugins.Giter8TemplatePlugin)))
[debug] Clause(Atom(sbt.plugins.JvmPlugin),Set(Atom(sbt.plugins.MiniDependencyTreePlugin))))
[debug]   :: deduced result: Matched(sbt.plugins.CorePlugin,sbt.plugins.Giter8TemplatePlugin,sbt.plugins.IvyPlugin,sbt.plugins.JvmPlugin,sbt.plugins.MiniDependencyTreePlugin,sbt.plugins.JUnitXmlReportPlugin,sbt.plugins.SemanticdbPlugin)
[debug] Plugins.deducer#function took 1.4096 ms
[info] loading settings for project scalacontest from build.sbt ...
[debug]         Load.resolveProject(scalacontest) took 1.1441ms
[debug]       Load.loadTransitive: finalizeProject(Project(id scalacontest, base: E:\code\ScalaContest, plugins: List(<none>))) took 3.1679ms
[debug] [Loading] Done in E:\code\ScalaContest, returning: (scalacontest)
[debug]     Load.loadUnit: loadedProjectsRaw took 39.9183ms
[debug]     Load.loadUnit: cleanEvalClasses took 5.1634ms
[debug]   Load.loadUnit(file:/E:/code/ScalaContest/, ...) took 503.5126ms
[debug] Load.apply: load took 505.2556ms
[debug] Load.apply: resolveProjects took 0.1041ms
[debug] Load.apply: finalTransforms took 7.1442ms
[debug] Load.apply: config.delegates took 0.2309ms
[debug] Load.apply: Def.make(settings)... took 48.419ms
[debug] Load.apply: structureIndex took 18.3075ms
[debug] Load.apply: mkStreams took 0.0016ms
[info] set current project to ScalaContest (in build file:/E:/code/ScalaContest/)
[debug] > Exec(sbtPopOnFailure, None, None)
[debug] > Exec(resumeFromFailure, None, None)
[debug] > Exec(notifyUsersAboutShell, None, None)
[debug] > Exec(iflast shell, None, None)
[debug] > Exec(run, None, None)
[debug] Evaluating tasks: Compile / run
[debug] Running task... Cancel: Signal, check cycles: false, forcegc: true
[info] compiling 1 Scala source to E:\code\ScalaContest\target\scala-2.11\classes ...
[info] done compiling
