[debug] > Exec(early(addDefaultCommands), None, None)
[debug] > Exec(addDefaultCommands, None, None)
[debug] > Exec(early(initialize), None, None)
[debug] > Exec(initialize, None, None)
[debug] > Exec(boot, None, None)
[debug] > Exec(writeSbtVersion, None, None)
[debug] > Exec(reload, None, None)
[debug] > Exec(sbtStashOnFailure, None, None)
[debug] > Exec(onFailure loadFailed, None, None)
[debug] > Exec(loadp, None, None)
[info] welcome to sbt 1.5.5 (Oracle Corporation Java 14.0.1)
[debug]       Load.loadUnit: plugins took 79.3432ms
[debug]       Load.loadUnit: defsScala took 0.4339ms
[debug] [Loading] Scanning directory C:\Users\clown\.sbt\1.0\plugins
[debug] [Loading] Found non-root projects 
[debug] [Loading] Done in C:\Users\clown\.sbt\1.0\plugins, returning: ()
[debug] deducing auto plugins based on known facts Set(Atom(sbt.plugins.CorePlugin)) and clauses Clauses(Clause(Atom(sbt.plugins.JvmPlugin),Set(Atom(sbt.plugins.IvyPlugin)))
[debug] Clause(Atom(sbt.ScriptedPlugin),Set(Atom(sbt.plugins.JvmPlugin)))
[debug] Clause(Atom(sbt.plugins.SbtPlugin),Set(Atom(sbt.ScriptedPlugin)))
[debug] Clause(Atom(sbt.plugins.SemanticdbPlugin),Set(Atom(sbt.plugins.JvmPlugin)))
[debug] Clause(Atom(sbt.plugins.JUnitXmlReportPlugin),Set(Atom(sbt.plugins.JvmPlugin)))
[debug] Clause(Atom(sbt.plugins.MiniDependencyTreePlugin),Set(Atom(sbt.plugins.JvmPlugin)))
[debug] Clause(Atom(sbt.plugins.CorePlugin),Set(Atom(sbt.plugins.IvyPlugin)))
[debug] Clause(Atom(sbt.plugins.IvyPlugin),Set(Atom(sbt.plugins.JvmPlugin)))
[debug] Clause(Atom(sbt.plugins.JvmPlugin),Set(Atom(sbt.plugins.SemanticdbPlugin)))
[debug] Clause(Atom(sbt.plugins.JvmPlugin),Set(Atom(sbt.plugins.JUnitXmlReportPlugin)))
[debug] Clause(Atom(sbt.plugins.CorePlugin),Set(Atom(sbt.plugins.Giter8TemplatePlugin)))
[debug] Clause(Atom(sbt.plugins.JvmPlugin),Set(Atom(sbt.plugins.MiniDependencyTreePlugin))))
[debug]   :: deduced result: Matched(sbt.plugins.CorePlugin,sbt.plugins.Giter8TemplatePlugin,sbt.plugins.IvyPlugin,sbt.plugins.JvmPlugin,sbt.plugins.MiniDependencyTreePlugin,sbt.plugins.JUnitXmlReportPlugin,sbt.plugins.SemanticdbPlugin)
[debug] Plugins.deducer#function took 15.5831 ms
[debug]           Load.resolveProject(global-plugins) took 33.3684ms
[debug]         Load.loadTransitive: finalizeProject(Project(id global-plugins, base: C:\Users\clown\.sbt\1.0\plugins, plugins: List(<none>))) took 67.0108ms
[debug] [Loading] Done in C:\Users\clown\.sbt\1.0\plugins, returning: (global-plugins)
[debug]       Load.loadUnit: loadedProjectsRaw took 85.8081ms
[debug]       Load.loadUnit: cleanEvalClasses took 0.1915ms
[debug]     Load.loadUnit(file:/C:/Users/clown/.sbt/1.0/plugins/, ...) took 173.6493ms
[debug]   Load.apply: load took 307.9869ms
[debug]   Load.apply: resolveProjects took 5.1515ms
[debug]   Load.apply: finalTransforms took 41.2703ms
[debug]   Load.apply: config.delegates took 5.3649ms
[debug]   Load.apply: Def.make(settings)... took 238.781ms
[debug]   Load.apply: structureIndex took 59.8852ms
[debug]   Load.apply: mkStreams took 0.9586ms
[info] loading global plugins from C:\Users\clown\.sbt\1.0\plugins
[debug] Running task... Cancel: Signal, check cycles: false, forcegc: true
[debug] Load.defaultLoad until apply took 1655.4668ms
[debug]           Load.loadUnit: plugins took 20.7863ms
[debug]           Load.loadUnit: defsScala took 0.0027ms
[debug] [Loading] Scanning directory E:\code\ScalaContest\project
[debug]             Load.loadUnit: mkEval took 4.369ms
[debug] [Loading] Found non-root projects 
[debug] [Loading] Done in E:\code\ScalaContest\project, returning: ()
[debug] deducing auto plugins based on known facts Set(Atom(sbt.plugins.CorePlugin)) and clauses Clauses(Clause(Atom(sbt.plugins.JvmPlugin),Set(Atom(sbt.plugins.IvyPlugin)))
[debug] Clause(Atom(sbt.ScriptedPlugin),Set(Atom(sbt.plugins.JvmPlugin)))
[debug] Clause(Atom(sbt.plugins.SbtPlugin),Set(Atom(sbt.ScriptedPlugin)))
[debug] Clause(Atom(sbt.plugins.SemanticdbPlugin),Set(Atom(sbt.plugins.JvmPlugin)))
[debug] Clause(Atom(sbt.plugins.JUnitXmlReportPlugin),Set(Atom(sbt.plugins.JvmPlugin)))
[debug] Clause(Atom(sbt.plugins.MiniDependencyTreePlugin),Set(Atom(sbt.plugins.JvmPlugin)))
[debug] Clause(Atom(sbt.plugins.CorePlugin),Set(Atom(sbt.plugins.IvyPlugin)))
[debug] Clause(Atom(sbt.plugins.IvyPlugin),Set(Atom(sbt.plugins.JvmPlugin)))
[debug] Clause(Atom(sbt.plugins.JvmPlugin),Set(Atom(sbt.plugins.SemanticdbPlugin)))
[debug] Clause(Atom(sbt.plugins.JvmPlugin),Set(Atom(sbt.plugins.JUnitXmlReportPlugin)))
[debug] Clause(Atom(sbt.plugins.CorePlugin),Set(Atom(sbt.plugins.Giter8TemplatePlugin)))
[debug] Clause(Atom(sbt.plugins.JvmPlugin),Set(Atom(sbt.plugins.MiniDependencyTreePlugin))))
[debug]   :: deduced result: Matched(sbt.plugins.CorePlugin,sbt.plugins.Giter8TemplatePlugin,sbt.plugins.IvyPlugin,sbt.plugins.JvmPlugin,sbt.plugins.MiniDependencyTreePlugin,sbt.plugins.JUnitXmlReportPlugin,sbt.plugins.SemanticdbPlugin)
[debug] Plugins.deducer#function took 1.5055 ms
[info] loading settings for project scalacontest-build from plugins.sbt ...
[debug]               Load.resolveProject(scalacontest-build) took 1.7747ms
[debug]             Load.loadTransitive: finalizeProject(Project(id scalacontest-build, base: E:\code\ScalaContest\project, plugins: List(<none>))) took 3.663ms
[debug] [Loading] Done in E:\code\ScalaContest\project, returning: (scalacontest-build)
[debug]           Load.loadUnit: loadedProjectsRaw took 84.0343ms
[debug]           Load.loadUnit: cleanEvalClasses took 3.1019ms
[debug]         Load.loadUnit(file:/E:/code/ScalaContest/project/, ...) took 108.5928ms
[debug]       Load.apply: load took 109.5766ms
[debug]       Load.apply: resolveProjects took 0.0665ms
[debug]       Load.apply: finalTransforms took 7.2778ms
[debug]       Load.apply: config.delegates took 0.2829ms
[debug]       Load.apply: Def.make(settings)... took 55.5201ms
[debug]       Load.apply: structureIndex took 21.8201ms
[debug]       Load.apply: mkStreams took 0.0017ms
[info] loading project definition from E:\code\ScalaContest\project
[debug] Running task... Cancel: Signal, check cycles: false, forcegc: true
[debug]     Load.loadUnit: plugins took 385.0613ms
[debug]     Load.loadUnit: defsScala took 0.005ms
[debug] [Loading] Scanning directory E:\code\ScalaContest
[debug]       Load.loadUnit: mkEval took 0.2359ms
[debug] [Loading] Found non-root projects 
[debug] [Loading] Done in E:\code\ScalaContest, returning: ()
[debug] deducing auto plugins based on known facts Set(Atom(sbt.plugins.CorePlugin)) and clauses Clauses(Clause(Atom(sbt.plugins.JvmPlugin),Set(Atom(sbt.plugins.IvyPlugin)))
[debug] Clause(Atom(sbt.ScriptedPlugin),Set(Atom(sbt.plugins.JvmPlugin)))
[debug] Clause(Atom(sbt.plugins.SbtPlugin),Set(Atom(sbt.ScriptedPlugin)))
[debug] Clause(Atom(sbt.plugins.SemanticdbPlugin),Set(Atom(sbt.plugins.JvmPlugin)))
[debug] Clause(Atom(sbt.plugins.JUnitXmlReportPlugin),Set(Atom(sbt.plugins.JvmPlugin)))
[debug] Clause(Atom(sbt.plugins.MiniDependencyTreePlugin),Set(Atom(sbt.plugins.JvmPlugin)))
[debug] Clause(Atom(sbtide.ConfigPlugin),Set(Atom(sbt.plugins.JvmPlugin)))
[debug] Clause(Atom(sbt.plugins.CorePlugin),Set(Atom(sbt.plugins.IvyPlugin)))
[debug] Clause(Atom(sbt.plugins.IvyPlugin),Set(Atom(sbt.plugins.JvmPlugin)))
[debug] Clause(Atom(sbt.plugins.JvmPlugin),Set(Atom(sbt.plugins.SemanticdbPlugin)))
[debug] Clause(Atom(sbt.plugins.JvmPlugin),Set(Atom(sbt.plugins.JUnitXmlReportPlugin)))
[debug] Clause(Atom(sbt.plugins.CorePlugin),Set(Atom(sbt.plugins.Giter8TemplatePlugin)))
[debug] Clause(Atom(sbt.plugins.JvmPlugin),Set(Atom(sbt.plugins.MiniDependencyTreePlugin))))
[debug]   :: deduced result: Matched(sbt.plugins.CorePlugin,sbt.plugins.Giter8TemplatePlugin,sbt.plugins.IvyPlugin,sbt.plugins.JvmPlugin,sbt.plugins.MiniDependencyTreePlugin,sbt.plugins.JUnitXmlReportPlugin,sbt.plugins.SemanticdbPlugin)
[debug] Plugins.deducer#function took 2.6941 ms
[info] loading settings for project scalacontest from build.sbt ...
[debug]         Load.resolveProject(scalacontest) took 1.3446ms
[debug]       Load.loadTransitive: finalizeProject(Project(id scalacontest, base: E:\code\ScalaContest, plugins: List(<none>))) took 4.5853ms
[debug] [Loading] Done in E:\code\ScalaContest, returning: (scalacontest)
[debug]     Load.loadUnit: loadedProjectsRaw took 42.4454ms
[debug]     Load.loadUnit: cleanEvalClasses took 8.413ms
[debug]   Load.loadUnit(file:/E:/code/ScalaContest/, ...) took 436.7349ms
[debug] Load.apply: load took 437.7245ms
[debug] Load.apply: resolveProjects took 0.1032ms
[debug] Load.apply: finalTransforms took 7.354ms
[debug] Load.apply: config.delegates took 0.2971ms
[debug] Load.apply: Def.make(settings)... took 50.8708ms
[debug] Load.apply: structureIndex took 16.6439ms
[debug] Load.apply: mkStreams took 0.0018ms
[info] set current project to ScalaContest (in build file:/E:/code/ScalaContest/)
[warn] there's a key that's not used by any other settings/tasks:
[warn]  
[warn] * scalacontest / idePackagePrefix
[warn]   +- E:\code\ScalaContest\build.sbt:7
[warn]  
[warn] note: a setting might still be used by a command; to exclude a key from this `lintUnused` check
[warn] either append it to `Global / excludeLintKeys` or call .withRank(KeyRanks.Invisible) on the key
[debug] > Exec(sbtPopOnFailure, None, None)
[debug] > Exec(resumeFromFailure, None, None)
[debug] > Exec(notifyUsersAboutShell, None, None)
[debug] > Exec(iflast shell, None, None)
[debug] > Exec(~run, None, None)
[info] sbt server started at local:sbt-server-dd5cd304995936d96c2b
[debug] Writing bsp connection file
[info] started sbt server
[debug] > Exec(__runWatch console0, None, None)
[debug] > Exec(sbtStashOnFailure, None, None)
[debug] > Exec(__preWatch console0, None, None)
[debug] > Exec(run, None, None)
[debug] Evaluating tasks: Compile / run
[debug] Running task... Cancel: Signal, check cycles: false, forcegc: true
[info] compiling 1 Scala source to E:\code\ScalaContest\target\scala-2.13\classes ...
[info] done compiling
[success] Total time: 6 s, completed Sep 6, 2021, 11:10:51 PM
[debug] > Exec(resumeFromFailure, None, None)
[debug] > Exec(sbtPopOnFailure, None, None)
[debug] > Exec(__postWatch console0, None, None)
[debug] > Exec(__waitWatch console0, None, None)
