[debug] > Exec(early(addDefaultCommands), None, None)
[debug] > Exec(addDefaultCommands, None, None)
[debug] > Exec(early(initialize), None, None)
[debug] > Exec(initialize, None, None)
[debug] > Exec(boot, None, None)
[debug] > Exec(writeSbtVersion, None, None)
[debug] > Exec(reload, None, None)
[debug] > Exec(sbtStashOnFailure, None, None)
[debug] > Exec(onFailure loadFailed, None, None)
[debug] > Exec(loadp, None, None)
[info] welcome to sbt 1.5.5 (Oracle Corporation Java 14.0.1)
[debug]       Load.loadUnit: plugins took 114.3997ms
[debug]       Load.loadUnit: defsScala took 0.2264ms
[debug] [Loading] Scanning directory C:\Users\clown\.sbt\1.0\plugins
[debug] [Loading] Found non-root projects 
[debug] [Loading] Done in C:\Users\clown\.sbt\1.0\plugins, returning: ()
[debug] deducing auto plugins based on known facts Set(Atom(sbt.plugins.CorePlugin)) and clauses Clauses(Clause(Atom(sbt.plugins.JvmPlugin),Set(Atom(sbt.plugins.IvyPlugin)))
[debug] Clause(Atom(sbt.ScriptedPlugin),Set(Atom(sbt.plugins.JvmPlugin)))
[debug] Clause(Atom(sbt.plugins.SbtPlugin),Set(Atom(sbt.ScriptedPlugin)))
[debug] Clause(Atom(sbt.plugins.SemanticdbPlugin),Set(Atom(sbt.plugins.JvmPlugin)))
[debug] Clause(Atom(sbt.plugins.JUnitXmlReportPlugin),Set(Atom(sbt.plugins.JvmPlugin)))
[debug] Clause(Atom(sbt.plugins.MiniDependencyTreePlugin),Set(Atom(sbt.plugins.JvmPlugin)))
[debug] Clause(Atom(sbt.plugins.CorePlugin),Set(Atom(sbt.plugins.IvyPlugin)))
[debug] Clause(Atom(sbt.plugins.IvyPlugin),Set(Atom(sbt.plugins.JvmPlugin)))
[debug] Clause(Atom(sbt.plugins.JvmPlugin),Set(Atom(sbt.plugins.SemanticdbPlugin)))
[debug] Clause(Atom(sbt.plugins.JvmPlugin),Set(Atom(sbt.plugins.JUnitXmlReportPlugin)))
[debug] Clause(Atom(sbt.plugins.CorePlugin),Set(Atom(sbt.plugins.Giter8TemplatePlugin)))
[debug] Clause(Atom(sbt.plugins.JvmPlugin),Set(Atom(sbt.plugins.MiniDependencyTreePlugin))))
[debug]   :: deduced result: Matched(sbt.plugins.CorePlugin,sbt.plugins.Giter8TemplatePlugin,sbt.plugins.IvyPlugin,sbt.plugins.JvmPlugin,sbt.plugins.MiniDependencyTreePlugin,sbt.plugins.JUnitXmlReportPlugin,sbt.plugins.SemanticdbPlugin)
[debug] Plugins.deducer#function took 20.9319 ms
[debug]           Load.resolveProject(global-plugins) took 39.1841ms
[debug]         Load.loadTransitive: finalizeProject(Project(id global-plugins, base: C:\Users\clown\.sbt\1.0\plugins, plugins: List(<none>))) took 99.0083ms
[debug] [Loading] Done in C:\Users\clown\.sbt\1.0\plugins, returning: (global-plugins)
[debug]       Load.loadUnit: loadedProjectsRaw took 136.0875ms
[debug]       Load.loadUnit: cleanEvalClasses took 0.2464ms
[debug]     Load.loadUnit(file:/C:/Users/clown/.sbt/1.0/plugins/, ...) took 266.8744ms
[debug]   Load.apply: load took 456.1486ms
[debug]   Load.apply: resolveProjects took 6.8757ms
[debug]   Load.apply: finalTransforms took 70.8758ms
[debug]   Load.apply: config.delegates took 15.9354ms
[debug]   Load.apply: Def.make(settings)... took 373.8727ms
[debug]   Load.apply: structureIndex took 177.5973ms
[debug]   Load.apply: mkStreams took 1.8442ms
[info] loading global plugins from C:\Users\clown\.sbt\1.0\plugins
[debug] Running task... Cancel: Signal, check cycles: false, forcegc: true
[debug] Load.defaultLoad until apply took 2860.0088ms
[debug]           Load.loadUnit: plugins took 42.52ms
[debug]           Load.loadUnit: defsScala took 0.0039ms
[debug] [Loading] Scanning directory E:\code\ScalaContest\project
[debug]             Load.loadUnit: mkEval took 7.4033ms
[debug] [Loading] Found non-root projects 
[debug] [Loading] Done in E:\code\ScalaContest\project, returning: ()
[debug] deducing auto plugins based on known facts Set(Atom(sbt.plugins.CorePlugin)) and clauses Clauses(Clause(Atom(sbt.plugins.JvmPlugin),Set(Atom(sbt.plugins.IvyPlugin)))
[debug] Clause(Atom(sbt.ScriptedPlugin),Set(Atom(sbt.plugins.JvmPlugin)))
[debug] Clause(Atom(sbt.plugins.SbtPlugin),Set(Atom(sbt.ScriptedPlugin)))
[debug] Clause(Atom(sbt.plugins.SemanticdbPlugin),Set(Atom(sbt.plugins.JvmPlugin)))
[debug] Clause(Atom(sbt.plugins.JUnitXmlReportPlugin),Set(Atom(sbt.plugins.JvmPlugin)))
[debug] Clause(Atom(sbt.plugins.MiniDependencyTreePlugin),Set(Atom(sbt.plugins.JvmPlugin)))
[debug] Clause(Atom(sbt.plugins.CorePlugin),Set(Atom(sbt.plugins.IvyPlugin)))
[debug] Clause(Atom(sbt.plugins.IvyPlugin),Set(Atom(sbt.plugins.JvmPlugin)))
[debug] Clause(Atom(sbt.plugins.JvmPlugin),Set(Atom(sbt.plugins.SemanticdbPlugin)))
[debug] Clause(Atom(sbt.plugins.JvmPlugin),Set(Atom(sbt.plugins.JUnitXmlReportPlugin)))
[debug] Clause(Atom(sbt.plugins.CorePlugin),Set(Atom(sbt.plugins.Giter8TemplatePlugin)))
[debug] Clause(Atom(sbt.plugins.JvmPlugin),Set(Atom(sbt.plugins.MiniDependencyTreePlugin))))
[debug]   :: deduced result: Matched(sbt.plugins.CorePlugin,sbt.plugins.Giter8TemplatePlugin,sbt.plugins.IvyPlugin,sbt.plugins.JvmPlugin,sbt.plugins.MiniDependencyTreePlugin,sbt.plugins.JUnitXmlReportPlugin,sbt.plugins.SemanticdbPlugin)
[debug] Plugins.deducer#function took 1.541 ms
[info] loading settings for project scalacontest-build from plugins.sbt ...
[debug]               Load.resolveProject(scalacontest-build) took 2.1872ms
[debug]             Load.loadTransitive: finalizeProject(Project(id scalacontest-build, base: E:\code\ScalaContest\project, plugins: List(<none>))) took 4.6901ms
[debug] [Loading] Done in E:\code\ScalaContest\project, returning: (scalacontest-build)
[debug]           Load.loadUnit: loadedProjectsRaw took 127.4714ms
[debug]           Load.loadUnit: cleanEvalClasses took 4.7477ms
[debug]         Load.loadUnit(file:/E:/code/ScalaContest/project/, ...) took 175.5132ms
[debug]       Load.apply: load took 176.7993ms
[debug]       Load.apply: resolveProjects took 0.1216ms
[debug]       Load.apply: finalTransforms took 9.0744ms
[debug]       Load.apply: config.delegates took 0.2405ms
[debug]       Load.apply: Def.make(settings)... took 55.9696ms
[debug]       Load.apply: structureIndex took 23.6588ms
[debug]       Load.apply: mkStreams took 0.0016ms
[info] loading project definition from E:\code\ScalaContest\project
[debug] Running task... Cancel: Signal, check cycles: false, forcegc: true
[debug]     Load.loadUnit: plugins took 464.5383ms
[debug]     Load.loadUnit: defsScala took 0.0038ms
[debug] [Loading] Scanning directory E:\code\ScalaContest
[debug]       Load.loadUnit: mkEval took 0.1933ms
[debug] [Loading] Found non-root projects 
[debug] [Loading] Done in E:\code\ScalaContest, returning: ()
[debug] deducing auto plugins based on known facts Set(Atom(sbt.plugins.CorePlugin)) and clauses Clauses(Clause(Atom(sbt.plugins.JvmPlugin),Set(Atom(sbt.plugins.IvyPlugin)))
[debug] Clause(Atom(sbt.ScriptedPlugin),Set(Atom(sbt.plugins.JvmPlugin)))
[debug] Clause(Atom(sbt.plugins.SbtPlugin),Set(Atom(sbt.ScriptedPlugin)))
[debug] Clause(Atom(sbt.plugins.SemanticdbPlugin),Set(Atom(sbt.plugins.JvmPlugin)))
[debug] Clause(Atom(sbt.plugins.JUnitXmlReportPlugin),Set(Atom(sbt.plugins.JvmPlugin)))
[debug] Clause(Atom(sbt.plugins.MiniDependencyTreePlugin),Set(Atom(sbt.plugins.JvmPlugin)))
[debug] Clause(Atom(sbtide.ConfigPlugin),Set(Atom(sbt.plugins.JvmPlugin)))
[debug] Clause(Atom(sbt.plugins.CorePlugin),Set(Atom(sbt.plugins.IvyPlugin)))
[debug] Clause(Atom(sbt.plugins.IvyPlugin),Set(Atom(sbt.plugins.JvmPlugin)))
[debug] Clause(Atom(sbt.plugins.JvmPlugin),Set(Atom(sbt.plugins.SemanticdbPlugin)))
[debug] Clause(Atom(sbt.plugins.JvmPlugin),Set(Atom(sbt.plugins.JUnitXmlReportPlugin)))
[debug] Clause(Atom(sbt.plugins.CorePlugin),Set(Atom(sbt.plugins.Giter8TemplatePlugin)))
[debug] Clause(Atom(sbt.plugins.JvmPlugin),Set(Atom(sbt.plugins.MiniDependencyTreePlugin))))
[debug]   :: deduced result: Matched(sbt.plugins.CorePlugin,sbt.plugins.Giter8TemplatePlugin,sbt.plugins.IvyPlugin,sbt.plugins.JvmPlugin,sbt.plugins.MiniDependencyTreePlugin,sbt.plugins.JUnitXmlReportPlugin,sbt.plugins.SemanticdbPlugin)
[debug] Plugins.deducer#function took 1.57 ms
[info] loading settings for project scalacontest from build.sbt ...
[debug]         Load.resolveProject(scalacontest) took 2.1766ms
[debug]       Load.loadTransitive: finalizeProject(Project(id scalacontest, base: E:\code\ScalaContest, plugins: List(<none>))) took 4.4937ms
[debug] [Loading] Done in E:\code\ScalaContest, returning: (scalacontest)
[debug]     Load.loadUnit: loadedProjectsRaw took 54.8348ms
[debug]     Load.loadUnit: cleanEvalClasses took 4.8577ms
[debug]   Load.loadUnit(file:/E:/code/ScalaContest/, ...) took 525.0162ms
[debug] Load.apply: load took 527.5352ms
[debug] Load.apply: resolveProjects took 0.091ms
[debug] Load.apply: finalTransforms took 6.9802ms
[debug] Load.apply: config.delegates took 0.2428ms
[debug] Load.apply: Def.make(settings)... took 51.9247ms
[debug] Load.apply: structureIndex took 21.9046ms
[debug] Load.apply: mkStreams took 0.002ms
[info] set current project to ScalaContest (in build file:/E:/code/ScalaContest/)
[debug] > Exec(sbtPopOnFailure, None, None)
[debug] > Exec(resumeFromFailure, None, None)
[debug] > Exec(notifyUsersAboutShell, None, None)
[debug] > Exec(iflast shell, None, None)
[debug] > Exec(~run, None, None)
[info] sbt server started at local:sbt-server-dd5cd304995936d96c2b
[debug] Writing bsp connection file
[info] started sbt server
[debug] > Exec(__runWatch console0, None, None)
[debug] > Exec(sbtStashOnFailure, None, None)
[debug] > Exec(__preWatch console0, None, None)
[debug] > Exec(run, None, None)
[debug] Evaluating tasks: Compile / run
[debug] Running task... Cancel: Signal, check cycles: false, forcegc: true
[info] compiling 1 Scala source to E:\code\ScalaContest\target\scala-2.11\classes ...
[info] done compiling
[success] Total time: 5 s, completed Sep 12, 2021, 6:26:13 PM
[debug] > Exec(resumeFromFailure, None, None)
[debug] > Exec(sbtPopOnFailure, None, None)
[debug] > Exec(__postWatch console0, None, None)
[debug] > Exec(__waitWatch console0, None, None)
